<?xml version="1.0" encoding="UTF-8"?>
<!-- Generated by org.testng.reporters.JUnitXMLReporter -->
<testsuite hostname="DESKTOP-4BNN8P3" ignored="0" name="Test" tests="5" failures="0" timestamp="2020-07-20T15:37:50 IST" time="126.851" errors="0">
  <testcase name="Test1" time="18.612" classname="TalkyExercise.Testcase"/>
  <testcase name="Test1" time="17.83" classname="TalkyExercise.Testcase"/>
  <testcase name="Test1" time="19.652" classname="TalkyExercise.Testcase"/>
  <testcase name="Test1" time="19.721" classname="TalkyExercise.Testcase"/>
  <testcase name="Test1" time="18.209" classname="TalkyExercise.Testcase"/>
</testsuite> <!-- Test -->
